============================================================
  Generated by:           Genus(TM) Synthesis Solution 25.11-s095_1
  Generated on:           Dec 21 2025  04:15:45 pm
  Module:                 average
  Operating conditions:   ss_typical_max_0p90v_125c 
  Interconnect mode:      global
  Area mode:              physical library
============================================================

 
  Hierarchy Report Format : 
 
    level instance ( module ) <status>
 
    status :    preserve_<value> -- indicating preserve hierachy or inherited_preserve value
           :    blackbox --  indicating  unresolved instance
 
==================================================================

 0 average
  1 RC_CG_HIER_INST1 ( RC_CG_MOD_1 ) 
  1 u_div_RC_CG_HIER_INST2 ( RC_CG_MOD_2 ) 
  1 u_div_RC_CG_HIER_INST3 ( RC_CG_MOD_3 ) 
  1 u_div_RC_CG_HIER_INST4 ( RC_CG_MOD_4 ) 
  1 u_div_RC_CG_HIER_INST5 ( RC_CG_MOD_5 ) 
  1 u_sum_RC_CG_HIER_INST0 ( RC_CG_MOD ) 
