============================================================
  Generated by:           Genus(TM) Synthesis Solution 25.11-s095_1
  Generated on:           Dec 21 2025  04:15:46 pm
  Module:                 average
  Operating conditions:   ss_typical_max_0p90v_125c 
  Interconnect mode:      global
  Area mode:              physical library
============================================================

Timing
--------

Clock Period 
-------------
clk   2000.0 


        Cost          Critical         Violating 
       Group         Path Slack  TNS     Paths   
-------------------------------------------------
cg_enable_group_clk        69.3   0.0          0 
clk                    No paths   0.0            
default                No paths   0.0            
in2out                 No paths   0.0            
in2reg                      0.0   0.0          0 
reg2out                   719.2   0.0          0 
reg2reg                     0.0   0.0          0 
-------------------------------------------------
Total                             0.0          0 

Instance Count
--------------
Leaf Instance Count             1412 
Physical Instance count            0 
Sequential Instance Count        261 
Combinational Instance Count    1151 
Hierarchical Instance Count        6 

Area
----
Cell Area                          5850.360
Physical Cell Area                 0.000
Total Cell Area (Cell+Physical)    5850.360
Net Area                           2162.789
Total Area (Cell+Physical+Net)     8013.149

Max Fanout                         67 (u_div_rc_gclk)
Min Fanout                         0 (n_110)
Average Fanout                     2.3
Terms to net ratio                 3.3084
Terms to instance ratio            3.4419
Runtime                            125.69855100000004 seconds
Elapsed Runtime                    149 seconds
Genus peak memory usage            2582.94 
Innovus peak memory usage          no_value 
Hostname                           ip-10-70-148-197.il-central-1.compute.internal
