============================================================
  Generated by:           Genus(TM) Synthesis Solution 25.11-s095_1
  Generated on:           Dec 21 2025  04:15:45 pm
  Module:                 average
  Operating conditions:   ss_typical_max_0p90v_125c 
  Interconnect mode:      global
  Area mode:              physical library
============================================================


Summary
-------
--------------------------------------------------------------------------
            Category            Number     %    Average Toggle Saving %   
--------------------------------------------------------------------------
 Total Clock Gating Instances        6  100.00                         -  
--------------------------------------------------------------------------
 RC Clock Gating Instances           6  100.00                     52.96  
 Non-RC Clock Gating Instances       0    0.00                      0.00  
--------------------------------------------------------------------------
 RC Gated Flip-flops               207   81.18                     57.15  
 Non-RC Gated Flip-flops             0    0.00                      0.00  
--------------------------------------------------------------------------
 Total Gated Flip-flops            207   81.18                         -  
 Total Ungated Flip-flops           48   18.82                         -  
 Enable not found                    2    4.17                         -  
 Enable signal is constant          39   81.25                         -  
 Register bank width too small       7   14.58                         -  
--------------------------------------------------------------------------
 Total Flip-flops                  255  100.00                         -  
--------------------------------------------------------------------------
Multibit Flip-flop Summary
--------------------------
-------------------------------------------------------
Width     Number     Bits     RC Gated     Ungated     
-------------------------------------------------------
1-bit     255        255      207 (81.18%) 48 (18.82%) 
-------------------------------------------------------


