============================================================
  Generated by:           Genus(TM) Synthesis Solution 25.11-s095_1
  Generated on:           Dec 15 2025  02:19:55 pm
  Module:                 average
  Operating conditions:   ss_typical_max_0p90v_125c 
  Interconnect mode:      global
  Area mode:              physical library
============================================================


Path 1: MET (741 ps) Late External Delay Assertion at pin done
          Group: reg2out
     Startpoint: (R) done_reg/clk
          Clock: (R) core_clk
       Endpoint: (R) done
          Clock: (R) core_clk

                     Capture       Launch     
        Clock Edge:+    3200            0     
       Src Latency:+       0            0     
       Net Latency:+       0 (I)        0 (I) 
           Arrival:=    3200            0     
                                              
      Output Delay:-    2000                  
       Uncertainty:-     125                  
     Required Time:=    1075                  
      Launch Clock:-       0                  
         Data Path:-     334                  
             Slack:=     741                  

Exceptions/Constraints:
  output_delay             2000            average.sdc_line_17_69_1   

#--------------------------------------------------------------------------------
# Timing Point   Flags    Arc   Edge      Cell        Fanout Trans Delay Arrival 
#                                                             (ps)  (ps)   (ps)  
#--------------------------------------------------------------------------------
  done_reg/clk   -       -      R     (arrival)          288     0     0       0 
  done_reg/q     (u)     clk->q R     unmapped_d_flop      1     0   334     334 
  done           -       -      R     (port)               -     -     0     334 
#--------------------------------------------------------------------------------

(u) : Net has unmapped pin(s).

