============================================================
  Generated by:           Genus(TM) Synthesis Solution 25.11-s095_1
  Generated on:           Dec 21 2025  04:14:22 pm
  Module:                 average
  Operating conditions:   ss_typical_max_0p90v_125c 
  Interconnect mode:      global
  Area mode:              physical library
============================================================


Path 1: VIOLATED (-109 ps) Setup Check with Pin u_sum/current_total_reg[31]/clk->d
          Group: in2reg
     Startpoint: (R) data_in[1]
          Clock: (R) clk
       Endpoint: (R) u_sum/current_total_reg[31]/d
          Clock: (R) clk

                     Capture       Launch     
        Clock Edge:+    2000            0     
        Drv Adjust:+       0            0     
       Src Latency:+       0            0     
       Net Latency:+       0 (I)        0 (I) 
           Arrival:=    2000            0     
                                              
             Setup:-      64                  
       Uncertainty:-     125                  
     Required Time:=    1810                  
      Launch Clock:-       0                  
       Input Delay:-     660                  
         Data Path:-    1259                  
             Slack:=    -109                  

Exceptions/Constraints:
  input_delay             660             average.sdc_line_26_34_1   

#-----------------------------------------------------------------------------------------------------------
#              Timing Point               Flags     Arc    Edge      Cell        Fanout Trans Delay Arrival 
#                                                                                        (ps)  (ps)   (ps)  
#-----------------------------------------------------------------------------------------------------------
  data_in[1]                              (u)     -        R     (arrival)            4   200     0     660 
  u_sum/add_70_48/g6/z                    (u)     in_1->z  F     unmapped_nor2        1     0    60     720 
  u_sum/add_70_48/g70/z                   (u)     in_0->z  R     unmapped_not         2     0    50     770 
  u_sum/add_70_48/g71/z                   (u)     in_1->z  F     unmapped_nand2       1     0    60     830 
  u_sum/add_70_48/g72/z                   (u)     in_1->z  R     unmapped_nand2       3     0    78     908 
  u_sum/add_70_48/g136/z                  (u)     in_1->z  F     unmapped_nand2       1     0    60     969 
  u_sum/add_70_48/g137/z                  (u)     in_1->z  R     unmapped_nand2       5     0    93    1061 
  u_sum/add_70_48/g217/z                  (u)     in_0->z  F     unmapped_nand2       1     0    60    1122 
  u_sum/add_70_48/g218/z                  (u)     in_1->z  R     unmapped_nand2       9     0   110    1232 
  u_sum/add_70_48/g287/z                  (u)     in_1->z  F     unmapped_nand2       1     0    60    1292 
  u_sum/add_70_48/g288/z                  (u)     in_1->z  R     unmapped_nand2      17     0   142    1434 
  u_sum/add_70_48/g367/z                  (u)     in_0->z  F     unmapped_nand2       1     0    60    1494 
  u_sum/add_70_48/g368/z                  (u)     in_1->z  R     unmapped_nand2       1     0    60    1554 
  u_sum/add_70_48/g454/z                  (u)     in_0->z  R     unmapped_xnor2       2     0   131    1685 
  u_sum/mux_current_total_next_68_27/g2/z (u)     data1->z R     unmapped_bmux2       1     0   117    1802 
  u_sum/mux_current_total_next_65_13/g1/z (u)     data0->z R     unmapped_bmux2       1     0   117    1919 
  u_sum/current_total_reg[31]/d           -       -        R     unmapped_d_flop      1     -     0    1919 
#-----------------------------------------------------------------------------------------------------------

(u) : Net has unmapped pin(s).

